<?xml version="1.0" encoding="UTF-8"?>
<!-- Generated by org.testng.reporters.JUnitReportReporter -->
<testsuite hostname="qspider" name="demo.program1" tests="1" failures="0" timestamp="2 Dec 2017 06:00:40 GMT" time="0.015" errors="0">
  <testcase name="m1" time="0.015" classname="demo.program1"/>
</testsuite> <!-- demo.program1 -->
